{"C:\\Users\\yuliia.kholodetska\\Downloads\\Telegram Desktop\\Task5-Full-Stack-JS-Internship\\backend\\constants.js": {"path":"C:\\Users\\yuliia.kholodetska\\Downloads\\Telegram Desktop\\Task5-Full-Stack-JS-Internship\\backend\\constants.js","statementMap":{"0":{"start":{"line":1,"column":34},"end":{"line":5,"column":1}}},"fnMap":{},"branchMap":{},"s":{"0":1},"f":{},"b":{},"_coverageSchema":"1a1c01bbd47fc00a2c39e90264f33305004495a9","hash":"7e2334393a0256eb9ef5bff53e23be7f0aaeb6f5"}
,"C:\\Users\\yuliia.kholodetska\\Downloads\\Telegram Desktop\\Task5-Full-Stack-JS-Internship\\backend\\sequelize.js": {"path":"C:\\Users\\yuliia.kholodetska\\Downloads\\Telegram Desktop\\Task5-Full-Stack-JS-Internship\\backend\\sequelize.js","statementMap":{"0":{"start":{"line":3,"column":0},"end":{"line":3,"column":16}},"1":{"start":{"line":4,"column":20},"end":{"line":13,"column":1}}},"fnMap":{},"branchMap":{},"s":{"0":1,"1":1},"f":{},"b":{},"_coverageSchema":"1a1c01bbd47fc00a2c39e90264f33305004495a9","hash":"1e03558a9fddb97dbe019669d54637b46f463f48"}
,"C:\\Users\\yuliia.kholodetska\\Downloads\\Telegram Desktop\\Task5-Full-Stack-JS-Internship\\backend\\server.js": {"path":"C:\\Users\\yuliia.kholodetska\\Downloads\\Telegram Desktop\\Task5-Full-Stack-JS-Internship\\backend\\server.js","statementMap":{"0":{"start":{"line":15,"column":0},"end":{"line":15,"column":16}},"1":{"start":{"line":17,"column":12},"end":{"line":17,"column":21}},"2":{"start":{"line":18,"column":0},"end":{"line":18,"column":16}},"3":{"start":{"line":19,"column":0},"end":{"line":19,"column":24}},"4":{"start":{"line":20,"column":0},"end":{"line":20,"column":48}},"5":{"start":{"line":22,"column":0},"end":{"line":22,"column":21}},"6":{"start":{"line":24,"column":0},"end":{"line":26,"column":3}},"7":{"start":{"line":25,"column":1},"end":{"line":25,"column":48}},"8":{"start":{"line":28,"column":13},"end":{"line":28,"column":37}},"9":{"start":{"line":30,"column":0},"end":{"line":32,"column":3}},"10":{"start":{"line":31,"column":1},"end":{"line":31,"column":50}},"11":{"start":{"line":34,"column":0},"end":{"line":34,"column":10}}},"fnMap":{"0":{"name":"(anonymous_0)","decl":{"start":{"line":24,"column":8},"end":{"line":24,"column":9}},"loc":{"start":{"line":24,"column":33},"end":{"line":26,"column":1}},"line":24},"1":{"name":"(anonymous_1)","decl":{"start":{"line":30,"column":17},"end":{"line":30,"column":18}},"loc":{"start":{"line":30,"column":23},"end":{"line":32,"column":1}},"line":30}},"branchMap":{"0":{"loc":{"start":{"line":28,"column":13},"end":{"line":28,"column":37}},"type":"binary-expr","locations":[{"start":{"line":28,"column":13},"end":{"line":28,"column":29}},{"start":{"line":28,"column":33},"end":{"line":28,"column":37}}],"line":28}},"s":{"0":1,"1":1,"2":1,"3":1,"4":1,"5":1,"6":1,"7":1,"8":1,"9":1,"10":1,"11":1},"f":{"0":1,"1":1},"b":{"0":[1,0]},"_coverageSchema":"1a1c01bbd47fc00a2c39e90264f33305004495a9","hash":"cd5d6af0340a24b381f47205dc9289693d590444"}
,"C:\\Users\\yuliia.kholodetska\\Downloads\\Telegram Desktop\\Task5-Full-Stack-JS-Internship\\backend\\utils.js": {"path":"C:\\Users\\yuliia.kholodetska\\Downloads\\Telegram Desktop\\Task5-Full-Stack-JS-Internship\\backend\\utils.js","statementMap":{"0":{"start":{"line":3,"column":29},"end":{"line":16,"column":1}},"1":{"start":{"line":4,"column":1},"end":{"line":15,"column":3}},"2":{"start":{"line":18,"column":22},"end":{"line":18,"column":61}},"3":{"start":{"line":18,"column":31},"end":{"line":18,"column":61}},"4":{"start":{"line":18,"column":52},"end":{"line":18,"column":57}}},"fnMap":{"0":{"name":"(anonymous_0)","decl":{"start":{"line":3,"column":29},"end":{"line":3,"column":30}},"loc":{"start":{"line":3,"column":39},"end":{"line":16,"column":1}},"line":3},"1":{"name":"(anonymous_1)","decl":{"start":{"line":18,"column":22},"end":{"line":18,"column":23}},"loc":{"start":{"line":18,"column":31},"end":{"line":18,"column":61}},"line":18},"2":{"name":"(anonymous_2)","decl":{"start":{"line":18,"column":42},"end":{"line":18,"column":43}},"loc":{"start":{"line":18,"column":52},"end":{"line":18,"column":57}},"line":18}},"branchMap":{},"s":{"0":1,"1":7,"2":1,"3":4,"4":4},"f":{"0":7,"1":4,"2":4},"b":{},"_coverageSchema":"1a1c01bbd47fc00a2c39e90264f33305004495a9","hash":"82613ae8b230f304dab4eca5d44c2381ef8a73b9"}
,"C:\\Users\\yuliia.kholodetska\\Downloads\\Telegram Desktop\\Task5-Full-Stack-JS-Internship\\backend\\controllers\\categoryController.js": {"path":"C:\\Users\\yuliia.kholodetska\\Downloads\\Telegram Desktop\\Task5-Full-Stack-JS-Internship\\backend\\controllers\\categoryController.js","statementMap":{"0":{"start":{"line":3,"column":27},"end":{"line":8,"column":1}},"1":{"start":{"line":5,"column":21},"end":{"line":5,"column":45}},"2":{"start":{"line":6,"column":2},"end":{"line":6,"column":23}}},"fnMap":{"0":{"name":"(anonymous_0)","decl":{"start":{"line":4,"column":16},"end":{"line":4,"column":17}},"loc":{"start":{"line":4,"column":36},"end":{"line":7,"column":2}},"line":4}},"branchMap":{},"s":{"0":1,"1":1,"2":1},"f":{"0":1},"b":{},"_coverageSchema":"1a1c01bbd47fc00a2c39e90264f33305004495a9","hash":"ee5ad73c336f8336e319be7e357aff13d5e38735"}
,"C:\\Users\\yuliia.kholodetska\\Downloads\\Telegram Desktop\\Task5-Full-Stack-JS-Internship\\backend\\controllers\\orderController.js": {"path":"C:\\Users\\yuliia.kholodetska\\Downloads\\Telegram Desktop\\Task5-Full-Stack-JS-Internship\\backend\\controllers\\orderController.js","statementMap":{"0":{"start":{"line":5,"column":24},"end":{"line":82,"column":1}},"1":{"start":{"line":13,"column":6},"end":{"line":13,"column":14}},"2":{"start":{"line":15,"column":2},"end":{"line":36,"column":3}},"3":{"start":{"line":16,"column":3},"end":{"line":16,"column":54}},"4":{"start":{"line":18,"column":17},"end":{"line":31,"column":4}},"5":{"start":{"line":32,"column":3},"end":{"line":35,"column":6}},"6":{"start":{"line":39,"column":16},"end":{"line":47,"column":4}},"7":{"start":{"line":48,"column":2},"end":{"line":48,"column":39}},"8":{"start":{"line":49,"column":2},"end":{"line":53,"column":3}},"9":{"start":{"line":50,"column":3},"end":{"line":50,"column":40}},"10":{"start":{"line":52,"column":3},"end":{"line":52,"column":56}},"11":{"start":{"line":56,"column":16},"end":{"line":56,"column":40}},"12":{"start":{"line":57,"column":51},"end":{"line":57,"column":59}},"13":{"start":{"line":59,"column":2},"end":{"line":61,"column":3}},"14":{"start":{"line":60,"column":3},"end":{"line":60,"column":56}},"15":{"start":{"line":62,"column":23},"end":{"line":71,"column":3}},"16":{"start":{"line":72,"column":2},"end":{"line":72,"column":58}},"17":{"start":{"line":73,"column":23},"end":{"line":75,"column":4}},"18":{"start":{"line":76,"column":2},"end":{"line":76,"column":59}},"19":{"start":{"line":79,"column":17},"end":{"line":79,"column":59}},"20":{"start":{"line":80,"column":2},"end":{"line":80,"column":19}},"21":{"start":{"line":84,"column":28},"end":{"line":95,"column":1}},"22":{"start":{"line":85,"column":20},"end":{"line":87,"column":2}},"23":{"start":{"line":86,"column":47},"end":{"line":86,"column":63}},"24":{"start":{"line":88,"column":1},"end":{"line":94,"column":3}}},"fnMap":{"0":{"name":"(anonymous_0)","decl":{"start":{"line":6,"column":14},"end":{"line":6,"column":15}},"loc":{"start":{"line":6,"column":34},"end":{"line":37,"column":2}},"line":6},"1":{"name":"(anonymous_1)","decl":{"start":{"line":38,"column":10},"end":{"line":38,"column":11}},"loc":{"start":{"line":38,"column":30},"end":{"line":54,"column":2}},"line":38},"2":{"name":"(anonymous_2)","decl":{"start":{"line":55,"column":9},"end":{"line":55,"column":10}},"loc":{"start":{"line":55,"column":29},"end":{"line":77,"column":2}},"line":55},"3":{"name":"(anonymous_3)","decl":{"start":{"line":78,"column":15},"end":{"line":78,"column":16}},"loc":{"start":{"line":78,"column":35},"end":{"line":81,"column":2}},"line":78},"4":{"name":"(anonymous_4)","decl":{"start":{"line":84,"column":28},"end":{"line":84,"column":29}},"loc":{"start":{"line":84,"column":39},"end":{"line":95,"column":1}},"line":84},"5":{"name":"(anonymous_5)","decl":{"start":{"line":86,"column":22},"end":{"line":86,"column":23}},"loc":{"start":{"line":86,"column":47},"end":{"line":86,"column":63}},"line":86}},"branchMap":{"0":{"loc":{"start":{"line":15,"column":2},"end":{"line":36,"column":3}},"type":"if","locations":[{"start":{"line":15,"column":2},"end":{"line":36,"column":3}},{"start":{"line":15,"column":2},"end":{"line":36,"column":3}}],"line":15},"1":{"loc":{"start":{"line":49,"column":2},"end":{"line":53,"column":3}},"type":"if","locations":[{"start":{"line":49,"column":2},"end":{"line":53,"column":3}},{"start":{"line":49,"column":2},"end":{"line":53,"column":3}}],"line":49},"2":{"loc":{"start":{"line":59,"column":2},"end":{"line":61,"column":3}},"type":"if","locations":[{"start":{"line":59,"column":2},"end":{"line":61,"column":3}},{"start":{"line":59,"column":2},"end":{"line":61,"column":3}}],"line":59}},"s":{"0":1,"1":1,"2":1,"3":0,"4":1,"5":1,"6":1,"7":1,"8":1,"9":1,"10":0,"11":0,"12":0,"13":0,"14":0,"15":0,"16":0,"17":0,"18":0,"19":1,"20":1,"21":1,"22":3,"23":3,"24":3},"f":{"0":1,"1":1,"2":0,"3":1,"4":3,"5":3},"b":{"0":[0,1],"1":[1,0],"2":[0,0]},"_coverageSchema":"1a1c01bbd47fc00a2c39e90264f33305004495a9","hash":"c2c282ae790ec46e0433d15b0cbd79aeb9f6fef5"}
,"C:\\Users\\yuliia.kholodetska\\Downloads\\Telegram Desktop\\Task5-Full-Stack-JS-Internship\\backend\\controllers\\productController.js": {"path":"C:\\Users\\yuliia.kholodetska\\Downloads\\Telegram Desktop\\Task5-Full-Stack-JS-Internship\\backend\\controllers\\productController.js","statementMap":{"0":{"start":{"line":8,"column":15},"end":{"line":8,"column":18}},"1":{"start":{"line":10,"column":26},"end":{"line":94,"column":1}},"2":{"start":{"line":12,"column":49},"end":{"line":12,"column":58}},"3":{"start":{"line":14,"column":2},"end":{"line":16,"column":3}},"4":{"start":{"line":15,"column":3},"end":{"line":15,"column":50}},"5":{"start":{"line":17,"column":18},"end":{"line":17,"column":77}},"6":{"start":{"line":18,"column":21},"end":{"line":18,"column":65}},"7":{"start":{"line":20,"column":2},"end":{"line":22,"column":3}},"8":{"start":{"line":21,"column":3},"end":{"line":21,"column":45}},"9":{"start":{"line":23,"column":22},"end":{"line":23,"column":71}},"10":{"start":{"line":24,"column":23},"end":{"line":24,"column":71}},"11":{"start":{"line":26,"column":3},"end":{"line":32,"column":20}},"12":{"start":{"line":34,"column":19},"end":{"line":64,"column":4}},"13":{"start":{"line":65,"column":2},"end":{"line":79,"column":4}},"14":{"start":{"line":67,"column":4},"end":{"line":77,"column":6}},"15":{"start":{"line":82,"column":18},"end":{"line":84,"column":4}},"16":{"start":{"line":85,"column":2},"end":{"line":92,"column":3}},"17":{"start":{"line":86,"column":3},"end":{"line":86,"column":58}},"18":{"start":{"line":88,"column":3},"end":{"line":91,"column":6}},"19":{"start":{"line":96,"column":18},"end":{"line":100,"column":1}},"20":{"start":{"line":97,"column":17},"end":{"line":97,"column":63}},"21":{"start":{"line":97,"column":49},"end":{"line":97,"column":62}},"22":{"start":{"line":98,"column":20},"end":{"line":98,"column":52}},"23":{"start":{"line":99,"column":1},"end":{"line":99,"column":19}}},"fnMap":{"0":{"name":"(anonymous_0)","decl":{"start":{"line":11,"column":14},"end":{"line":11,"column":15}},"loc":{"start":{"line":11,"column":34},"end":{"line":80,"column":2}},"line":11},"1":{"name":"(anonymous_1)","decl":{"start":{"line":66,"column":16},"end":{"line":66,"column":17}},"loc":{"start":{"line":66,"column":29},"end":{"line":78,"column":4}},"line":66},"2":{"name":"(anonymous_2)","decl":{"start":{"line":81,"column":17},"end":{"line":81,"column":18}},"loc":{"start":{"line":81,"column":37},"end":{"line":93,"column":2}},"line":81},"3":{"name":"(anonymous_3)","decl":{"start":{"line":96,"column":18},"end":{"line":96,"column":19}},"loc":{"start":{"line":96,"column":31},"end":{"line":100,"column":1}},"line":96},"4":{"name":"(anonymous_4)","decl":{"start":{"line":97,"column":37},"end":{"line":97,"column":38}},"loc":{"start":{"line":97,"column":49},"end":{"line":97,"column":62}},"line":97}},"branchMap":{"0":{"loc":{"start":{"line":14,"column":2},"end":{"line":16,"column":3}},"type":"if","locations":[{"start":{"line":14,"column":2},"end":{"line":16,"column":3}},{"start":{"line":14,"column":2},"end":{"line":16,"column":3}}],"line":14},"1":{"loc":{"start":{"line":15,"column":14},"end":{"line":15,"column":49}},"type":"cond-expr","locations":[{"start":{"line":15,"column":34},"end":{"line":15,"column":45}},{"start":{"line":15,"column":48},"end":{"line":15,"column":49}}],"line":15},"2":{"loc":{"start":{"line":17,"column":18},"end":{"line":17,"column":77}},"type":"cond-expr","locations":[{"start":{"line":17,"column":59},"end":{"line":17,"column":73}},{"start":{"line":17,"column":76},"end":{"line":17,"column":77}}],"line":17},"3":{"loc":{"start":{"line":17,"column":18},"end":{"line":17,"column":56}},"type":"binary-expr","locations":[{"start":{"line":17,"column":18},"end":{"line":17,"column":32}},{"start":{"line":17,"column":36},"end":{"line":17,"column":56}}],"line":17},"4":{"loc":{"start":{"line":18,"column":21},"end":{"line":18,"column":65}},"type":"cond-expr","locations":[{"start":{"line":18,"column":28},"end":{"line":18,"column":60}},{"start":{"line":18,"column":63},"end":{"line":18,"column":65}}],"line":18},"5":{"loc":{"start":{"line":20,"column":2},"end":{"line":22,"column":3}},"type":"if","locations":[{"start":{"line":20,"column":2},"end":{"line":22,"column":3}},{"start":{"line":20,"column":2},"end":{"line":22,"column":3}}],"line":20},"6":{"loc":{"start":{"line":23,"column":22},"end":{"line":23,"column":71}},"type":"cond-expr","locations":[{"start":{"line":23,"column":33},"end":{"line":23,"column":66}},{"start":{"line":23,"column":69},"end":{"line":23,"column":71}}],"line":23},"7":{"loc":{"start":{"line":24,"column":23},"end":{"line":24,"column":71}},"type":"cond-expr","locations":[{"start":{"line":24,"column":33},"end":{"line":24,"column":66}},{"start":{"line":24,"column":69},"end":{"line":24,"column":71}}],"line":24},"8":{"loc":{"start":{"line":26,"column":3},"end":{"line":32,"column":20}},"type":"cond-expr","locations":[{"start":{"line":27,"column":6},"end":{"line":27,"column":45}},{"start":{"line":28,"column":6},"end":{"line":32,"column":20}}],"line":26},"9":{"loc":{"start":{"line":28,"column":6},"end":{"line":32,"column":20}},"type":"cond-expr","locations":[{"start":{"line":29,"column":6},"end":{"line":29,"column":22}},{"start":{"line":30,"column":6},"end":{"line":32,"column":20}}],"line":28},"10":{"loc":{"start":{"line":30,"column":6},"end":{"line":32,"column":20}},"type":"cond-expr","locations":[{"start":{"line":31,"column":6},"end":{"line":31,"column":23}},{"start":{"line":32,"column":6},"end":{"line":32,"column":20}}],"line":30},"11":{"loc":{"start":{"line":85,"column":2},"end":{"line":92,"column":3}},"type":"if","locations":[{"start":{"line":85,"column":2},"end":{"line":92,"column":3}},{"start":{"line":85,"column":2},"end":{"line":92,"column":3}}],"line":85}},"s":{"0":1,"1":1,"2":1,"3":1,"4":0,"5":1,"6":1,"7":1,"8":1,"9":1,"10":1,"11":1,"12":1,"13":1,"14":3,"15":1,"16":1,"17":0,"18":1,"19":1,"20":1,"21":1,"22":1,"23":1},"f":{"0":1,"1":3,"2":1,"3":1,"4":1},"b":{"0":[0,1],"1":[0,0],"2":[0,1],"3":[1,0],"4":[0,1],"5":[1,0],"6":[0,1],"7":[0,1],"8":[0,1],"9":[0,1],"10":[0,1],"11":[0,1]},"_coverageSchema":"1a1c01bbd47fc00a2c39e90264f33305004495a9","hash":"ebddf55ded80fb2068e2a1d3e211a73fe14ff33a"}
,"C:\\Users\\yuliia.kholodetska\\Downloads\\Telegram Desktop\\Task5-Full-Stack-JS-Internship\\backend\\controllers\\userController.js": {"path":"C:\\Users\\yuliia.kholodetska\\Downloads\\Telegram Desktop\\Task5-Full-Stack-JS-Internship\\backend\\controllers\\userController.js","statementMap":{"0":{"start":{"line":5,"column":23},"end":{"line":84,"column":1}},"1":{"start":{"line":7,"column":16},"end":{"line":7,"column":36}},"2":{"start":{"line":8,"column":2},"end":{"line":8,"column":18}},"3":{"start":{"line":11,"column":30},"end":{"line":11,"column":38}},"4":{"start":{"line":12,"column":15},"end":{"line":12,"column":55}},"5":{"start":{"line":13,"column":2},"end":{"line":24,"column":3}},"6":{"start":{"line":14,"column":3},"end":{"line":23,"column":4}},"7":{"start":{"line":15,"column":4},"end":{"line":21,"column":7}},"8":{"start":{"line":22,"column":4},"end":{"line":22,"column":11}},"9":{"start":{"line":25,"column":2},"end":{"line":25,"column":65}},"10":{"start":{"line":28,"column":36},"end":{"line":28,"column":44}},"11":{"start":{"line":29,"column":28},"end":{"line":29,"column":68}},"12":{"start":{"line":30,"column":2},"end":{"line":45,"column":3}},"13":{"start":{"line":31,"column":23},"end":{"line":35,"column":5}},"14":{"start":{"line":36,"column":3},"end":{"line":42,"column":6}},"15":{"start":{"line":44,"column":3},"end":{"line":44,"column":59}},"16":{"start":{"line":48,"column":15},"end":{"line":48,"column":49}},"17":{"start":{"line":49,"column":2},"end":{"line":51,"column":3}},"18":{"start":{"line":50,"column":3},"end":{"line":50,"column":55}},"19":{"start":{"line":52,"column":2},"end":{"line":52,"column":17}},"20":{"start":{"line":55,"column":36},"end":{"line":55,"column":44}},"21":{"start":{"line":56,"column":20},"end":{"line":56,"column":31}},"22":{"start":{"line":57,"column":15},"end":{"line":57,"column":45}},"23":{"start":{"line":58,"column":2},"end":{"line":82,"column":3}},"24":{"start":{"line":59,"column":25},"end":{"line":62,"column":4}},"25":{"start":{"line":63,"column":3},"end":{"line":65,"column":4}},"26":{"start":{"line":64,"column":4},"end":{"line":64,"column":60}},"27":{"start":{"line":66,"column":18},"end":{"line":69,"column":5}},"28":{"start":{"line":70,"column":3},"end":{"line":81,"column":4}},"29":{"start":{"line":71,"column":4},"end":{"line":71,"column":74}},"30":{"start":{"line":73,"column":24},"end":{"line":73,"column":47}},"31":{"start":{"line":74,"column":4},"end":{"line":80,"column":7}}},"fnMap":{"0":{"name":"(anonymous_0)","decl":{"start":{"line":6,"column":11},"end":{"line":6,"column":12}},"loc":{"start":{"line":6,"column":31},"end":{"line":9,"column":2}},"line":6},"1":{"name":"(anonymous_1)","decl":{"start":{"line":10,"column":13},"end":{"line":10,"column":14}},"loc":{"start":{"line":10,"column":33},"end":{"line":26,"column":2}},"line":10},"2":{"name":"(anonymous_2)","decl":{"start":{"line":27,"column":15},"end":{"line":27,"column":16}},"loc":{"start":{"line":27,"column":35},"end":{"line":46,"column":2}},"line":27},"3":{"name":"(anonymous_3)","decl":{"start":{"line":47,"column":10},"end":{"line":47,"column":11}},"loc":{"start":{"line":47,"column":30},"end":{"line":53,"column":2}},"line":47},"4":{"name":"(anonymous_4)","decl":{"start":{"line":54,"column":16},"end":{"line":54,"column":17}},"loc":{"start":{"line":54,"column":36},"end":{"line":83,"column":2}},"line":54}},"branchMap":{"0":{"loc":{"start":{"line":13,"column":2},"end":{"line":24,"column":3}},"type":"if","locations":[{"start":{"line":13,"column":2},"end":{"line":24,"column":3}},{"start":{"line":13,"column":2},"end":{"line":24,"column":3}}],"line":13},"1":{"loc":{"start":{"line":14,"column":3},"end":{"line":23,"column":4}},"type":"if","locations":[{"start":{"line":14,"column":3},"end":{"line":23,"column":4}},{"start":{"line":14,"column":3},"end":{"line":23,"column":4}}],"line":14},"2":{"loc":{"start":{"line":30,"column":2},"end":{"line":45,"column":3}},"type":"if","locations":[{"start":{"line":30,"column":2},"end":{"line":45,"column":3}},{"start":{"line":30,"column":2},"end":{"line":45,"column":3}}],"line":30},"3":{"loc":{"start":{"line":49,"column":2},"end":{"line":51,"column":3}},"type":"if","locations":[{"start":{"line":49,"column":2},"end":{"line":51,"column":3}},{"start":{"line":49,"column":2},"end":{"line":51,"column":3}}],"line":49},"4":{"loc":{"start":{"line":58,"column":2},"end":{"line":82,"column":3}},"type":"if","locations":[{"start":{"line":58,"column":2},"end":{"line":82,"column":3}},{"start":{"line":58,"column":2},"end":{"line":82,"column":3}}],"line":58},"5":{"loc":{"start":{"line":60,"column":10},"end":{"line":60,"column":27}},"type":"binary-expr","locations":[{"start":{"line":60,"column":10},"end":{"line":60,"column":14}},{"start":{"line":60,"column":18},"end":{"line":60,"column":27}}],"line":60},"6":{"loc":{"start":{"line":61,"column":11},"end":{"line":61,"column":30}},"type":"binary-expr","locations":[{"start":{"line":61,"column":11},"end":{"line":61,"column":16}},{"start":{"line":61,"column":20},"end":{"line":61,"column":30}}],"line":61},"7":{"loc":{"start":{"line":63,"column":3},"end":{"line":65,"column":4}},"type":"if","locations":[{"start":{"line":63,"column":3},"end":{"line":65,"column":4}},{"start":{"line":63,"column":3},"end":{"line":65,"column":4}}],"line":63},"8":{"loc":{"start":{"line":70,"column":3},"end":{"line":81,"column":4}},"type":"if","locations":[{"start":{"line":70,"column":3},"end":{"line":81,"column":4}},{"start":{"line":70,"column":3},"end":{"line":81,"column":4}}],"line":70}},"s":{"0":1,"1":1,"2":1,"3":1,"4":1,"5":1,"6":1,"7":1,"8":1,"9":0,"10":1,"11":1,"12":1,"13":1,"14":1,"15":0,"16":1,"17":1,"18":0,"19":1,"20":1,"21":1,"22":1,"23":1,"24":1,"25":1,"26":0,"27":1,"28":1,"29":0,"30":1,"31":1},"f":{"0":1,"1":1,"2":1,"3":1,"4":1},"b":{"0":[1,0],"1":[1,0],"2":[1,0],"3":[0,1],"4":[1,0],"5":[1,0],"6":[1,1],"7":[0,1],"8":[0,1]},"_coverageSchema":"1a1c01bbd47fc00a2c39e90264f33305004495a9","hash":"5f8ea21b6b4b5a74bd815c5f72f3e74f7aef24e8"}
,"C:\\Users\\yuliia.kholodetska\\Downloads\\Telegram Desktop\\Task5-Full-Stack-JS-Internship\\backend\\db\\index.js": {"path":"C:\\Users\\yuliia.kholodetska\\Downloads\\Telegram Desktop\\Task5-Full-Stack-JS-Internship\\backend\\db\\index.js","statementMap":{"0":{"start":{"line":3,"column":23},"end":{"line":6,"column":1}},"1":{"start":{"line":4,"column":1},"end":{"line":4,"column":34}},"2":{"start":{"line":5,"column":1},"end":{"line":5,"column":26}}},"fnMap":{"0":{"name":"(anonymous_0)","decl":{"start":{"line":3,"column":23},"end":{"line":3,"column":24}},"loc":{"start":{"line":3,"column":35},"end":{"line":6,"column":1}},"line":3}},"branchMap":{},"s":{"0":1,"1":1,"2":0},"f":{"0":1},"b":{},"_coverageSchema":"1a1c01bbd47fc00a2c39e90264f33305004495a9","hash":"d3de982fd6166790627f5cf65521925c8f35dd72"}
,"C:\\Users\\yuliia.kholodetska\\Downloads\\Telegram Desktop\\Task5-Full-Stack-JS-Internship\\backend\\middleware\\validator.js": {"path":"C:\\Users\\yuliia.kholodetska\\Downloads\\Telegram Desktop\\Task5-Full-Stack-JS-Internship\\backend\\middleware\\validator.js","statementMap":{"0":{"start":{"line":3,"column":35},"end":{"line":18,"column":1}},"1":{"start":{"line":4,"column":23},"end":{"line":4,"column":48}},"2":{"start":{"line":5,"column":1},"end":{"line":17,"column":2}},"3":{"start":{"line":6,"column":16},"end":{"line":6,"column":60}},"4":{"start":{"line":7,"column":2},"end":{"line":14,"column":5}},"5":{"start":{"line":8,"column":3},"end":{"line":13,"column":4}},"6":{"start":{"line":9,"column":4},"end":{"line":9,"column":55}},"7":{"start":{"line":11,"column":4},"end":{"line":11,"column":22}},"8":{"start":{"line":12,"column":4},"end":{"line":12,"column":11}},"9":{"start":{"line":16,"column":2},"end":{"line":16,"column":48}}},"fnMap":{"0":{"name":"(anonymous_0)","decl":{"start":{"line":3,"column":35},"end":{"line":3,"column":36}},"loc":{"start":{"line":3,"column":55},"end":{"line":18,"column":1}},"line":3},"1":{"name":"(anonymous_1)","decl":{"start":{"line":7,"column":44},"end":{"line":7,"column":45}},"loc":{"start":{"line":7,"column":61},"end":{"line":14,"column":3}},"line":7}},"branchMap":{"0":{"loc":{"start":{"line":5,"column":1},"end":{"line":17,"column":2}},"type":"if","locations":[{"start":{"line":5,"column":1},"end":{"line":17,"column":2}},{"start":{"line":5,"column":1},"end":{"line":17,"column":2}}],"line":5},"1":{"loc":{"start":{"line":8,"column":3},"end":{"line":13,"column":4}},"type":"if","locations":[{"start":{"line":8,"column":3},"end":{"line":13,"column":4}},{"start":{"line":8,"column":3},"end":{"line":13,"column":4}}],"line":8}},"s":{"0":1,"1":4,"2":4,"3":4,"4":4,"5":4,"6":0,"7":4,"8":4,"9":0},"f":{"0":4,"1":4},"b":{"0":[4,0],"1":[0,4]},"_coverageSchema":"1a1c01bbd47fc00a2c39e90264f33305004495a9","hash":"edd429ce9860146a9e9af8b869517424c0bae439"}
,"C:\\Users\\yuliia.kholodetska\\Downloads\\Telegram Desktop\\Task5-Full-Stack-JS-Internship\\backend\\models\\brandModel.js": {"path":"C:\\Users\\yuliia.kholodetska\\Downloads\\Telegram Desktop\\Task5-Full-Stack-JS-Internship\\backend\\models\\brandModel.js","statementMap":{"0":{"start":{"line":4,"column":22},"end":{"line":4,"column":31}},"1":{"start":{"line":6,"column":14},"end":{"line":13,"column":1}},"2":{"start":{"line":15,"column":0},"end":{"line":15,"column":43}},"3":{"start":{"line":16,"column":0},"end":{"line":19,"column":3}}},"fnMap":{},"branchMap":{},"s":{"0":1,"1":1,"2":1,"3":1},"f":{},"b":{},"_coverageSchema":"1a1c01bbd47fc00a2c39e90264f33305004495a9","hash":"34542490b3dac83e64b15dfc3c9c563e8b35b711"}
,"C:\\Users\\yuliia.kholodetska\\Downloads\\Telegram Desktop\\Task5-Full-Stack-JS-Internship\\backend\\models\\categoryModel.js": {"path":"C:\\Users\\yuliia.kholodetska\\Downloads\\Telegram Desktop\\Task5-Full-Stack-JS-Internship\\backend\\models\\categoryModel.js","statementMap":{"0":{"start":{"line":4,"column":22},"end":{"line":4,"column":31}},"1":{"start":{"line":6,"column":17},"end":{"line":13,"column":1}},"2":{"start":{"line":15,"column":0},"end":{"line":15,"column":46}},"3":{"start":{"line":16,"column":0},"end":{"line":19,"column":3}}},"fnMap":{},"branchMap":{},"s":{"0":1,"1":1,"2":1,"3":1},"f":{},"b":{},"_coverageSchema":"1a1c01bbd47fc00a2c39e90264f33305004495a9","hash":"05ba9b7493e9364fe12ad7de1a09a72869c08e8e"}
,"C:\\Users\\yuliia.kholodetska\\Downloads\\Telegram Desktop\\Task5-Full-Stack-JS-Internship\\backend\\models\\orderItemModel.js": {"path":"C:\\Users\\yuliia.kholodetska\\Downloads\\Telegram Desktop\\Task5-Full-Stack-JS-Internship\\backend\\models\\orderItemModel.js","statementMap":{"0":{"start":{"line":3,"column":22},"end":{"line":3,"column":31}},"1":{"start":{"line":5,"column":18},"end":{"line":15,"column":1}}},"fnMap":{},"branchMap":{},"s":{"0":1,"1":1},"f":{},"b":{},"_coverageSchema":"1a1c01bbd47fc00a2c39e90264f33305004495a9","hash":"5e6f3e6ffe883f4630504ae9545be87e64a91db7"}
,"C:\\Users\\yuliia.kholodetska\\Downloads\\Telegram Desktop\\Task5-Full-Stack-JS-Internship\\backend\\models\\orderModel.js": {"path":"C:\\Users\\yuliia.kholodetska\\Downloads\\Telegram Desktop\\Task5-Full-Stack-JS-Internship\\backend\\models\\orderModel.js","statementMap":{"0":{"start":{"line":4,"column":22},"end":{"line":4,"column":31}},"1":{"start":{"line":6,"column":14},"end":{"line":23,"column":1}},"2":{"start":{"line":25,"column":0},"end":{"line":25,"column":46}},"3":{"start":{"line":26,"column":0},"end":{"line":29,"column":3}}},"fnMap":{},"branchMap":{},"s":{"0":1,"1":1,"2":1,"3":1},"f":{},"b":{},"_coverageSchema":"1a1c01bbd47fc00a2c39e90264f33305004495a9","hash":"bfa3466d9067d7ce627b7386882c6863b1f5866c"}
,"C:\\Users\\yuliia.kholodetska\\Downloads\\Telegram Desktop\\Task5-Full-Stack-JS-Internship\\backend\\models\\orderStatusModel.js": {"path":"C:\\Users\\yuliia.kholodetska\\Downloads\\Telegram Desktop\\Task5-Full-Stack-JS-Internship\\backend\\models\\orderStatusModel.js","statementMap":{"0":{"start":{"line":4,"column":22},"end":{"line":4,"column":31}},"1":{"start":{"line":6,"column":20},"end":{"line":13,"column":1}},"2":{"start":{"line":15,"column":0},"end":{"line":15,"column":27}},"3":{"start":{"line":16,"column":0},"end":{"line":16,"column":29}}},"fnMap":{},"branchMap":{},"s":{"0":1,"1":1,"2":1,"3":1},"f":{},"b":{},"_coverageSchema":"1a1c01bbd47fc00a2c39e90264f33305004495a9","hash":"fbd525ba516b96dff8648d97806f64c1eeb02006"}
,"C:\\Users\\yuliia.kholodetska\\Downloads\\Telegram Desktop\\Task5-Full-Stack-JS-Internship\\backend\\models\\paymenrStatusModel.js": {"path":"C:\\Users\\yuliia.kholodetska\\Downloads\\Telegram Desktop\\Task5-Full-Stack-JS-Internship\\backend\\models\\paymenrStatusModel.js","statementMap":{"0":{"start":{"line":4,"column":22},"end":{"line":4,"column":31}},"1":{"start":{"line":6,"column":22},"end":{"line":13,"column":1}},"2":{"start":{"line":15,"column":0},"end":{"line":15,"column":29}},"3":{"start":{"line":16,"column":0},"end":{"line":16,"column":31}}},"fnMap":{},"branchMap":{},"s":{"0":1,"1":1,"2":1,"3":1},"f":{},"b":{},"_coverageSchema":"1a1c01bbd47fc00a2c39e90264f33305004495a9","hash":"ddd5a241d0856fa2e64a5dd3818011b6eb14f7a6"}
,"C:\\Users\\yuliia.kholodetska\\Downloads\\Telegram Desktop\\Task5-Full-Stack-JS-Internship\\backend\\models\\productModel.js": {"path":"C:\\Users\\yuliia.kholodetska\\Downloads\\Telegram Desktop\\Task5-Full-Stack-JS-Internship\\backend\\models\\productModel.js","statementMap":{"0":{"start":{"line":5,"column":22},"end":{"line":5,"column":31}},"1":{"start":{"line":7,"column":16},"end":{"line":20,"column":1}},"2":{"start":{"line":22,"column":0},"end":{"line":22,"column":48}},"3":{"start":{"line":23,"column":0},"end":{"line":26,"column":3}},"4":{"start":{"line":28,"column":0},"end":{"line":28,"column":43}},"5":{"start":{"line":29,"column":0},"end":{"line":29,"column":70}}},"fnMap":{},"branchMap":{},"s":{"0":1,"1":1,"2":1,"3":1,"4":1,"5":1},"f":{},"b":{},"_coverageSchema":"1a1c01bbd47fc00a2c39e90264f33305004495a9","hash":"94b291b7486128dda40950a1d949ea83b4b78c48"}
,"C:\\Users\\yuliia.kholodetska\\Downloads\\Telegram Desktop\\Task5-Full-Stack-JS-Internship\\backend\\models\\ratingModel.js": {"path":"C:\\Users\\yuliia.kholodetska\\Downloads\\Telegram Desktop\\Task5-Full-Stack-JS-Internship\\backend\\models\\ratingModel.js","statementMap":{"0":{"start":{"line":3,"column":22},"end":{"line":3,"column":31}},"1":{"start":{"line":5,"column":15},"end":{"line":14,"column":1}}},"fnMap":{},"branchMap":{},"s":{"0":1,"1":1},"f":{},"b":{},"_coverageSchema":"1a1c01bbd47fc00a2c39e90264f33305004495a9","hash":"0b2f8ad71fb8ff223ceaf315fd0d014b41b4f477"}
,"C:\\Users\\yuliia.kholodetska\\Downloads\\Telegram Desktop\\Task5-Full-Stack-JS-Internship\\backend\\models\\userModel.js": {"path":"C:\\Users\\yuliia.kholodetska\\Downloads\\Telegram Desktop\\Task5-Full-Stack-JS-Internship\\backend\\models\\userModel.js","statementMap":{"0":{"start":{"line":5,"column":22},"end":{"line":5,"column":31}},"1":{"start":{"line":7,"column":13},"end":{"line":17,"column":1}},"2":{"start":{"line":19,"column":0},"end":{"line":19,"column":20}},"3":{"start":{"line":20,"column":0},"end":{"line":20,"column":22}},"4":{"start":{"line":22,"column":0},"end":{"line":22,"column":21}},"5":{"start":{"line":23,"column":0},"end":{"line":23,"column":23}}},"fnMap":{},"branchMap":{},"s":{"0":1,"1":1,"2":1,"3":1,"4":1,"5":1},"f":{},"b":{},"_coverageSchema":"1a1c01bbd47fc00a2c39e90264f33305004495a9","hash":"971d283e5a371d31d11f55df15529e1306202e5a"}
,"C:\\Users\\yuliia.kholodetska\\Downloads\\Telegram Desktop\\Task5-Full-Stack-JS-Internship\\backend\\routes\\index.js": {"path":"C:\\Users\\yuliia.kholodetska\\Downloads\\Telegram Desktop\\Task5-Full-Stack-JS-Internship\\backend\\routes\\index.js","statementMap":{"0":{"start":{"line":5,"column":15},"end":{"line":5,"column":31}},"1":{"start":{"line":7,"column":0},"end":{"line":7,"column":37}},"2":{"start":{"line":9,"column":0},"end":{"line":9,"column":43}},"3":{"start":{"line":11,"column":0},"end":{"line":11,"column":39}},"4":{"start":{"line":13,"column":0},"end":{"line":15,"column":3}},"5":{"start":{"line":14,"column":1},"end":{"line":14,"column":48}},"6":{"start":{"line":17,"column":0},"end":{"line":19,"column":3}},"7":{"start":{"line":18,"column":1},"end":{"line":18,"column":29}}},"fnMap":{"0":{"name":"(anonymous_0)","decl":{"start":{"line":13,"column":33},"end":{"line":13,"column":34}},"loc":{"start":{"line":13,"column":47},"end":{"line":15,"column":1}},"line":13},"1":{"name":"(anonymous_1)","decl":{"start":{"line":17,"column":16},"end":{"line":17,"column":17}},"loc":{"start":{"line":17,"column":30},"end":{"line":19,"column":1}},"line":17}},"branchMap":{"0":{"loc":{"start":{"line":14,"column":10},"end":{"line":14,"column":46}},"type":"binary-expr","locations":[{"start":{"line":14,"column":10},"end":{"line":14,"column":38}},{"start":{"line":14,"column":42},"end":{"line":14,"column":46}}],"line":14}},"s":{"0":1,"1":1,"2":1,"3":1,"4":1,"5":0,"6":1,"7":0},"f":{"0":0,"1":0},"b":{"0":[0,0]},"_coverageSchema":"1a1c01bbd47fc00a2c39e90264f33305004495a9","hash":"8e7fce78ef867b692db84076a5451a99637b8242"}
,"C:\\Users\\yuliia.kholodetska\\Downloads\\Telegram Desktop\\Task5-Full-Stack-JS-Internship\\backend\\routes\\orderRouter.js": {"path":"C:\\Users\\yuliia.kholodetska\\Downloads\\Telegram Desktop\\Task5-Full-Stack-JS-Internship\\backend\\routes\\orderRouter.js","statementMap":{"0":{"start":{"line":6,"column":20},"end":{"line":6,"column":36}},"1":{"start":{"line":8,"column":0},"end":{"line":12,"column":2}},"2":{"start":{"line":14,"column":0},"end":{"line":18,"column":2}},"3":{"start":{"line":20,"column":0},"end":{"line":24,"column":2}},"4":{"start":{"line":26,"column":0},"end":{"line":30,"column":2}}},"fnMap":{},"branchMap":{},"s":{"0":1,"1":1,"2":1,"3":1,"4":1},"f":{},"b":{},"_coverageSchema":"1a1c01bbd47fc00a2c39e90264f33305004495a9","hash":"b15bb0868d654b5d2eb790f01870ed04dd8c3b07"}
,"C:\\Users\\yuliia.kholodetska\\Downloads\\Telegram Desktop\\Task5-Full-Stack-JS-Internship\\backend\\routes\\productRouter.js": {"path":"C:\\Users\\yuliia.kholodetska\\Downloads\\Telegram Desktop\\Task5-Full-Stack-JS-Internship\\backend\\routes\\productRouter.js","statementMap":{"0":{"start":{"line":5,"column":22},"end":{"line":5,"column":38}},"1":{"start":{"line":7,"column":0},"end":{"line":7,"column":68}},"2":{"start":{"line":9,"column":0},"end":{"line":12,"column":2}},"3":{"start":{"line":14,"column":0},"end":{"line":14,"column":74}}},"fnMap":{},"branchMap":{},"s":{"0":1,"1":1,"2":1,"3":1},"f":{},"b":{},"_coverageSchema":"1a1c01bbd47fc00a2c39e90264f33305004495a9","hash":"2bebe799b561da5c469dbff75e02559f80c15f7d"}
,"C:\\Users\\yuliia.kholodetska\\Downloads\\Telegram Desktop\\Task5-Full-Stack-JS-Internship\\backend\\routes\\userRouter.js": {"path":"C:\\Users\\yuliia.kholodetska\\Downloads\\Telegram Desktop\\Task5-Full-Stack-JS-Internship\\backend\\routes\\userRouter.js","statementMap":{"0":{"start":{"line":6,"column":19},"end":{"line":6,"column":35}},"1":{"start":{"line":8,"column":0},"end":{"line":8,"column":59}},"2":{"start":{"line":10,"column":0},"end":{"line":10,"column":68}},"3":{"start":{"line":12,"column":0},"end":{"line":12,"column":58}},"4":{"start":{"line":14,"column":0},"end":{"line":14,"column":61}},"5":{"start":{"line":16,"column":0},"end":{"line":20,"column":2}}},"fnMap":{},"branchMap":{},"s":{"0":1,"1":1,"2":1,"3":1,"4":1,"5":1},"f":{},"b":{},"_coverageSchema":"1a1c01bbd47fc00a2c39e90264f33305004495a9","hash":"3f8e23649060bfdf968337a3a72e128dfc8ab5aa"}
}
