TN:
SF:backend\constants.js
FNF:0
FNH:0
DA:1,2
DA:6,2
LF:2
LH:2
BRF:0
BRH:0
end_of_record
TN:
SF:backend\sequelize.js
FNF:0
FNH:0
DA:3,2
DA:4,2
LF:2
LH:2
BRF:0
BRH:0
end_of_record
TN:
SF:backend\server.js
FN:24,(anonymous_0)
FN:30,(anonymous_1)
FNF:2
FNH:1
FNDA:0,(anonymous_0)
FNDA:1,(anonymous_1)
DA:15,2
DA:17,2
DA:18,2
DA:19,2
DA:20,2
DA:22,2
DA:24,2
DA:25,0
DA:28,2
DA:30,2
DA:31,1
DA:34,2
LF:12
LH:11
BRDA:28,0,0,2
BRDA:28,0,1,0
BRF:2
BRH:1
end_of_record
TN:
SF:backend\utils.js
FN:3,(anonymous_0)
FN:18,(anonymous_1)
FN:18,(anonymous_2)
FNF:3
FNH:2
FNDA:0,(anonymous_0)
FNDA:1,(anonymous_1)
FNDA:1,(anonymous_2)
DA:3,2
DA:4,0
DA:18,2
LF:3
LH:2
BRF:0
BRH:0
end_of_record
TN:
SF:backend\controllers\categoryController.js
FN:4,(anonymous_0)
FNF:1
FNH:1
FNDA:1,(anonymous_0)
DA:3,2
DA:5,1
DA:6,1
LF:3
LH:3
BRF:0
BRH:0
end_of_record
TN:
SF:backend\controllers\orderController.js
FN:6,(anonymous_0)
FN:38,(anonymous_1)
FN:55,(anonymous_2)
FN:78,(anonymous_3)
FN:84,(anonymous_4)
FN:86,(anonymous_5)
FNF:6
FNH:0
FNDA:0,(anonymous_0)
FNDA:0,(anonymous_1)
FNDA:0,(anonymous_2)
FNDA:0,(anonymous_3)
FNDA:0,(anonymous_4)
FNDA:0,(anonymous_5)
DA:5,2
DA:13,0
DA:15,0
DA:16,0
DA:18,0
DA:32,0
DA:39,0
DA:48,0
DA:49,0
DA:50,0
DA:52,0
DA:56,0
DA:57,0
DA:59,0
DA:60,0
DA:62,0
DA:72,0
DA:73,0
DA:76,0
DA:79,0
DA:80,0
DA:84,2
DA:85,0
DA:86,0
DA:88,0
LF:25
LH:2
BRDA:15,0,0,0
BRDA:15,0,1,0
BRDA:49,1,0,0
BRDA:49,1,1,0
BRDA:59,2,0,0
BRDA:59,2,1,0
BRF:6
BRH:0
end_of_record
TN:
SF:backend\controllers\productController.js
FN:11,(anonymous_0)
FN:66,(anonymous_1)
FN:81,(anonymous_2)
FN:96,(anonymous_3)
FN:97,(anonymous_4)
FNF:5
FNH:5
FNDA:1,(anonymous_0)
FNDA:3,(anonymous_1)
FNDA:1,(anonymous_2)
FNDA:1,(anonymous_3)
FNDA:1,(anonymous_4)
DA:8,2
DA:10,2
DA:12,1
DA:14,1
DA:15,0
DA:17,1
DA:18,1
DA:20,1
DA:21,1
DA:23,1
DA:24,1
DA:26,1
DA:34,1
DA:65,1
DA:67,3
DA:82,1
DA:85,1
DA:86,0
DA:88,1
DA:96,2
DA:97,1
DA:98,1
DA:99,1
LF:23
LH:21
BRDA:14,0,0,0
BRDA:14,0,1,1
BRDA:15,1,0,0
BRDA:15,1,1,0
BRDA:17,2,0,0
BRDA:17,2,1,1
BRDA:17,3,0,1
BRDA:17,3,1,0
BRDA:18,4,0,0
BRDA:18,4,1,1
BRDA:20,5,0,1
BRDA:20,5,1,0
BRDA:23,6,0,0
BRDA:23,6,1,1
BRDA:24,7,0,0
BRDA:24,7,1,1
BRDA:26,8,0,0
BRDA:26,8,1,1
BRDA:28,9,0,0
BRDA:28,9,1,1
BRDA:30,10,0,0
BRDA:30,10,1,1
BRDA:85,11,0,0
BRDA:85,11,1,1
BRF:24
BRH:11
end_of_record
TN:
SF:backend\controllers\userController.js
FN:6,(anonymous_0)
FN:10,(anonymous_1)
FN:27,(anonymous_2)
FN:47,(anonymous_3)
FN:54,(anonymous_4)
FNF:5
FNH:0
FNDA:0,(anonymous_0)
FNDA:0,(anonymous_1)
FNDA:0,(anonymous_2)
FNDA:0,(anonymous_3)
FNDA:0,(anonymous_4)
DA:5,2
DA:7,0
DA:8,0
DA:11,0
DA:12,0
DA:13,0
DA:14,0
DA:15,0
DA:22,0
DA:25,0
DA:28,0
DA:29,0
DA:30,0
DA:31,0
DA:36,0
DA:44,0
DA:48,0
DA:49,0
DA:50,0
DA:52,0
DA:55,0
DA:56,0
DA:57,0
DA:58,0
DA:59,0
DA:63,0
DA:64,0
DA:66,0
DA:70,0
DA:71,0
DA:73,0
DA:74,0
LF:32
LH:1
BRDA:13,0,0,0
BRDA:13,0,1,0
BRDA:14,1,0,0
BRDA:14,1,1,0
BRDA:30,2,0,0
BRDA:30,2,1,0
BRDA:49,3,0,0
BRDA:49,3,1,0
BRDA:58,4,0,0
BRDA:58,4,1,0
BRDA:60,5,0,0
BRDA:60,5,1,0
BRDA:61,6,0,0
BRDA:61,6,1,0
BRDA:63,7,0,0
BRDA:63,7,1,0
BRDA:70,8,0,0
BRDA:70,8,1,0
BRF:18
BRH:0
end_of_record
TN:
SF:backend\db\index.js
FN:3,(anonymous_0)
FNF:1
FNH:1
FNDA:2,(anonymous_0)
DA:3,2
DA:4,2
DA:5,0
LF:3
LH:2
BRF:0
BRH:0
end_of_record
TN:
SF:backend\middleware\validator.js
FN:3,(anonymous_0)
FN:7,(anonymous_1)
FNF:2
FNH:0
FNDA:0,(anonymous_0)
FNDA:0,(anonymous_1)
DA:3,2
DA:4,0
DA:5,0
DA:6,0
DA:7,0
DA:8,0
DA:9,0
DA:11,0
DA:12,0
DA:16,0
LF:10
LH:1
BRDA:5,0,0,0
BRDA:5,0,1,0
BRDA:8,1,0,0
BRDA:8,1,1,0
BRF:4
BRH:0
end_of_record
TN:
SF:backend\models\brandModel.js
FNF:0
FNH:0
DA:4,2
DA:6,2
DA:15,2
DA:16,2
LF:4
LH:4
BRF:0
BRH:0
end_of_record
TN:
SF:backend\models\categoryModel.js
FNF:0
FNH:0
DA:4,2
DA:6,2
DA:15,2
DA:16,2
LF:4
LH:4
BRF:0
BRH:0
end_of_record
TN:
SF:backend\models\orderItemModel.js
FNF:0
FNH:0
DA:3,2
DA:5,2
LF:2
LH:2
BRF:0
BRH:0
end_of_record
TN:
SF:backend\models\orderModel.js
FNF:0
FNH:0
DA:4,2
DA:6,2
DA:25,2
DA:26,2
LF:4
LH:4
BRF:0
BRH:0
end_of_record
TN:
SF:backend\models\orderStatusModel.js
FNF:0
FNH:0
DA:4,2
DA:6,2
DA:15,2
DA:16,2
LF:4
LH:4
BRF:0
BRH:0
end_of_record
TN:
SF:backend\models\paymenrStatusModel.js
FNF:0
FNH:0
DA:4,2
DA:6,2
DA:15,2
DA:16,2
LF:4
LH:4
BRF:0
BRH:0
end_of_record
TN:
SF:backend\models\productModel.js
FNF:0
FNH:0
DA:5,2
DA:7,2
DA:22,2
DA:23,2
DA:28,2
DA:29,2
LF:6
LH:6
BRF:0
BRH:0
end_of_record
TN:
SF:backend\models\ratingModel.js
FNF:0
FNH:0
DA:3,2
DA:5,2
LF:2
LH:2
BRF:0
BRH:0
end_of_record
TN:
SF:backend\models\userModel.js
FNF:0
FNH:0
DA:5,2
DA:7,2
DA:19,2
DA:20,2
DA:22,2
DA:23,2
LF:6
LH:6
BRF:0
BRH:0
end_of_record
TN:
SF:backend\routes\index.js
FN:13,(anonymous_0)
FN:17,(anonymous_1)
FNF:2
FNH:0
FNDA:0,(anonymous_0)
FNDA:0,(anonymous_1)
DA:5,2
DA:7,2
DA:9,2
DA:11,2
DA:13,2
DA:14,0
DA:17,2
DA:18,0
LF:8
LH:6
BRDA:14,0,0,0
BRDA:14,0,1,0
BRF:2
BRH:0
end_of_record
TN:
SF:backend\routes\orderRouter.js
FNF:0
FNH:0
DA:6,2
DA:8,2
DA:14,2
DA:20,2
DA:26,2
LF:5
LH:5
BRF:0
BRH:0
end_of_record
TN:
SF:backend\routes\productRouter.js
FNF:0
FNH:0
DA:5,2
DA:7,2
DA:9,2
DA:14,2
LF:4
LH:4
BRF:0
BRH:0
end_of_record
TN:
SF:backend\routes\userRouter.js
FNF:0
FNH:0
DA:6,2
DA:8,2
DA:10,2
DA:12,2
DA:14,2
DA:16,2
LF:6
LH:6
BRF:0
BRH:0
end_of_record
