TN:
SF:backend\constants.js
FNF:0
FNH:0
DA:1,1
DA:6,1
LF:2
LH:2
BRF:0
BRH:0
end_of_record
TN:
SF:backend\sequelize.js
FNF:0
FNH:0
DA:3,1
DA:4,1
LF:2
LH:2
BRF:0
BRH:0
end_of_record
TN:
SF:backend\server.js
FN:29,(anonymous_0)
FN:30,(anonymous_1)
FN:36,(anonymous_2)
FN:40,(anonymous_3)
FN:48,(anonymous_4)
FN:54,(anonymous_5)
FNF:6
FNH:3
FNDA:6,(anonymous_0)
FNDA:0,(anonymous_1)
FNDA:0,(anonymous_2)
FNDA:0,(anonymous_3)
FNDA:1,(anonymous_4)
FNDA:1,(anonymous_5)
DA:20,1
DA:21,1
DA:22,1
DA:23,1
DA:25,1
DA:27,1
DA:29,1
DA:30,6
DA:31,0
DA:34,6
DA:37,0
DA:40,6
DA:42,1
DA:43,1
DA:44,1
DA:46,1
DA:48,1
DA:49,1
DA:52,1
DA:54,1
DA:55,1
DA:58,1
LF:22
LH:20
BRDA:52,0,0,1
BRDA:52,0,1,0
BRF:2
BRH:1
end_of_record
TN:
SF:backend\utils.js
FN:4,(anonymous_0)
FN:19,(anonymous_1)
FN:19,(anonymous_2)
FNF:3
FNH:3
FNDA:10,(anonymous_0)
FNDA:3,(anonymous_1)
FNDA:3,(anonymous_2)
DA:3,1
DA:4,1
DA:5,10
DA:19,3
LF:4
LH:4
BRF:0
BRH:0
end_of_record
TN:
SF:backend\controllers\categoryController.js
FN:4,(anonymous_0)
FNF:1
FNH:1
FNDA:1,(anonymous_0)
DA:3,1
DA:5,1
DA:6,1
LF:3
LH:3
BRF:0
BRH:0
end_of_record
TN:
SF:backend\controllers\messageController.js
FN:7,(anonymous_0)
FNF:1
FNH:1
FNDA:1,(anonymous_0)
DA:4,1
DA:6,1
DA:8,1
DA:9,1
DA:15,1
DA:17,0
LF:6
LH:5
BRDA:8,0,0,1
BRDA:8,0,1,0
BRDA:8,1,0,1
BRDA:8,1,1,1
BRF:4
BRH:3
end_of_record
TN:
SF:backend\controllers\orderController.js
FN:6,(anonymous_0)
FN:38,(anonymous_1)
FN:53,(anonymous_2)
FN:76,(anonymous_3)
FN:82,(anonymous_4)
FN:84,(anonymous_5)
FNF:6
FNH:5
FNDA:2,(anonymous_0)
FNDA:2,(anonymous_1)
FNDA:0,(anonymous_2)
FNDA:1,(anonymous_3)
FNDA:3,(anonymous_4)
FNDA:2,(anonymous_5)
DA:5,1
DA:13,2
DA:15,2
DA:16,1
DA:18,1
DA:32,1
DA:39,2
DA:48,2
DA:49,1
DA:51,2
DA:54,0
DA:55,0
DA:57,0
DA:58,0
DA:60,0
DA:70,0
DA:71,0
DA:74,0
DA:77,1
DA:78,1
DA:82,1
DA:83,3
DA:84,2
DA:86,2
LF:24
LH:16
BRDA:15,0,0,1
BRDA:15,0,1,1
BRDA:48,1,0,1
BRDA:48,1,1,1
BRDA:57,2,0,0
BRDA:57,2,1,0
BRF:6
BRH:4
end_of_record
TN:
SF:backend\controllers\productController.js
FN:9,(anonymous_0)
FN:74,(anonymous_1)
FN:93,(anonymous_2)
FN:108,(anonymous_3)
FN:109,(anonymous_4)
FNF:5
FNH:5
FNDA:1,(anonymous_0)
FNDA:3,(anonymous_1)
FNDA:1,(anonymous_2)
FNDA:1,(anonymous_3)
FNDA:1,(anonymous_4)
DA:6,1
DA:8,1
DA:18,1
DA:19,1
DA:20,1
DA:21,1
DA:22,1
DA:24,1
DA:25,0
DA:27,1
DA:28,1
DA:30,1
DA:38,1
DA:73,1
DA:74,1
DA:75,3
DA:87,1
DA:94,1
DA:97,1
DA:98,0
DA:100,1
DA:108,1
DA:109,1
DA:110,1
DA:111,1
LF:25
LH:23
BRDA:19,0,0,1
BRDA:19,0,1,0
BRDA:21,1,0,0
BRDA:21,1,1,1
BRDA:21,2,0,1
BRDA:21,2,1,0
BRDA:22,3,0,0
BRDA:22,3,1,1
BRDA:24,4,0,0
BRDA:24,4,1,1
BRDA:24,5,0,1
BRDA:24,5,1,0
BRDA:27,6,0,0
BRDA:27,6,1,1
BRDA:28,7,0,0
BRDA:28,7,1,1
BRDA:30,8,0,0
BRDA:30,8,1,1
BRDA:32,9,0,0
BRDA:32,9,1,1
BRDA:34,10,0,0
BRDA:34,10,1,1
BRDA:97,11,0,0
BRDA:97,11,1,1
BRF:24
BRH:12
end_of_record
TN:
SF:backend\controllers\userController.js
FN:9,(anonymous_0)
FN:13,(anonymous_1)
FN:28,(anonymous_2)
FN:48,(anonymous_3)
FN:55,(anonymous_4)
FN:85,(anonymous_5)
FN:109,(anonymous_6)
FN:121,(anonymous_7)
FNF:8
FNH:5
FNDA:1,(anonymous_0)
FNDA:2,(anonymous_1)
FNDA:1,(anonymous_2)
FNDA:3,(anonymous_3)
FNDA:1,(anonymous_4)
FNDA:0,(anonymous_5)
FNDA:0,(anonymous_6)
FNDA:0,(anonymous_7)
DA:6,1
DA:8,1
DA:10,1
DA:11,1
DA:14,2
DA:15,2
DA:16,2
DA:17,1
DA:24,1
DA:26,1
DA:29,1
DA:30,1
DA:31,1
DA:32,1
DA:37,1
DA:45,0
DA:49,3
DA:50,3
DA:51,2
DA:53,1
DA:56,1
DA:57,1
DA:58,1
DA:59,1
DA:60,1
DA:64,1
DA:65,0
DA:67,1
DA:71,1
DA:72,0
DA:74,1
DA:75,1
DA:86,0
DA:87,0
DA:91,0
DA:93,0
DA:94,0
DA:95,0
DA:96,0
DA:101,0
DA:105,0
DA:109,1
DA:110,0
DA:111,0
DA:112,0
DA:115,0
DA:121,1
DA:122,0
DA:129,0
LF:49
LH:31
BRDA:16,0,0,1
BRDA:16,0,1,1
BRDA:16,1,0,2
BRDA:16,1,1,2
BRDA:31,2,0,1
BRDA:31,2,1,0
BRDA:50,3,0,2
BRDA:50,3,1,1
BRDA:59,4,0,1
BRDA:59,4,1,0
BRDA:61,5,0,1
BRDA:61,5,1,0
BRDA:62,6,0,1
BRDA:62,6,1,1
BRDA:64,7,0,0
BRDA:64,7,1,1
BRDA:71,8,0,0
BRDA:71,8,1,1
BRDA:95,9,0,0
BRDA:95,9,1,0
BRDA:111,10,0,0
BRDA:111,10,1,0
BRF:22
BRH:13
end_of_record
TN:
SF:backend\db\index.js
FN:3,(anonymous_0)
FNF:1
FNH:1
FNDA:1,(anonymous_0)
DA:3,1
DA:4,1
DA:5,1
LF:3
LH:3
BRF:0
BRH:0
end_of_record
TN:
SF:backend\middleware\validator.js
FN:4,(anonymous_0)
FN:8,(anonymous_1)
FN:21,(anonymous_2)
FN:27,(anonymous_3)
FNF:4
FNH:4
FNDA:9,(anonymous_0)
FNDA:7,(anonymous_1)
FNDA:2,(anonymous_2)
FNDA:1,(anonymous_3)
DA:4,1
DA:5,9
DA:6,9
DA:7,7
DA:8,7
DA:9,7
DA:10,0
DA:12,7
DA:13,7
DA:17,2
DA:21,1
DA:22,2
DA:23,2
DA:24,1
DA:25,1
DA:27,1
DA:28,1
DA:32,1
LF:18
LH:17
BRDA:6,0,0,7
BRDA:6,0,1,2
BRDA:9,1,0,0
BRDA:9,1,1,7
BRDA:23,2,0,1
BRDA:23,2,1,1
BRF:6
BRH:5
end_of_record
TN:
SF:backend\models\brandModel.js
FNF:0
FNH:0
DA:4,1
DA:6,1
DA:15,1
DA:16,1
LF:4
LH:4
BRF:0
BRH:0
end_of_record
TN:
SF:backend\models\categoryModel.js
FNF:0
FNH:0
DA:4,1
DA:6,1
DA:15,1
DA:16,1
LF:4
LH:4
BRF:0
BRH:0
end_of_record
TN:
SF:backend\models\messageModel.js
FNF:0
FNH:0
DA:3,1
DA:5,1
LF:2
LH:2
BRF:0
BRH:0
end_of_record
TN:
SF:backend\models\orderItemModel.js
FNF:0
FNH:0
DA:3,1
DA:5,1
LF:2
LH:2
BRF:0
BRH:0
end_of_record
TN:
SF:backend\models\orderModel.js
FNF:0
FNH:0
DA:4,1
DA:6,1
DA:25,1
DA:26,1
LF:4
LH:4
BRF:0
BRH:0
end_of_record
TN:
SF:backend\models\orderStatusModel.js
FNF:0
FNH:0
DA:4,1
DA:6,1
DA:15,1
DA:16,1
LF:4
LH:4
BRF:0
BRH:0
end_of_record
TN:
SF:backend\models\paymenrStatusModel.js
FNF:0
FNH:0
DA:4,1
DA:6,1
DA:15,1
DA:16,1
LF:4
LH:4
BRF:0
BRH:0
end_of_record
TN:
SF:backend\models\productModel.js
FNF:0
FNH:0
DA:5,1
DA:7,1
DA:22,1
DA:23,1
DA:28,1
DA:29,1
LF:6
LH:6
BRF:0
BRH:0
end_of_record
TN:
SF:backend\models\ratingModel.js
FNF:0
FNH:0
DA:3,1
DA:5,1
LF:2
LH:2
BRF:0
BRH:0
end_of_record
TN:
SF:backend\models\userModel.js
FNF:0
FNH:0
DA:6,1
DA:8,1
DA:20,1
DA:21,1
DA:23,1
DA:24,1
DA:26,1
DA:27,1
LF:8
LH:8
BRF:0
BRH:0
end_of_record
TN:
SF:backend\routes\index.js
FN:16,(anonymous_0)
FN:20,(anonymous_1)
FNF:2
FNH:0
FNDA:0,(anonymous_0)
FNDA:0,(anonymous_1)
DA:6,1
DA:8,1
DA:10,1
DA:12,1
DA:14,1
DA:16,1
DA:17,0
DA:20,1
DA:21,0
LF:9
LH:7
BRDA:17,0,0,0
BRDA:17,0,1,0
BRF:2
BRH:0
end_of_record
TN:
SF:backend\routes\messageRouter.js
FNF:0
FNH:0
DA:5,1
DA:7,1
LF:2
LH:2
BRF:0
BRH:0
end_of_record
TN:
SF:backend\routes\orderRouter.js
FNF:0
FNH:0
DA:6,1
DA:8,1
DA:14,1
DA:20,1
DA:26,1
LF:5
LH:5
BRF:0
BRH:0
end_of_record
TN:
SF:backend\routes\productRouter.js
FNF:0
FNH:0
DA:5,1
DA:7,1
DA:9,1
DA:14,1
LF:4
LH:4
BRF:0
BRH:0
end_of_record
TN:
SF:backend\routes\userRouter.js
FNF:0
FNH:0
DA:9,1
DA:11,1
DA:13,1
DA:15,1
DA:17,1
DA:24,1
DA:26,1
LF:7
LH:7
BRF:0
BRH:0
end_of_record
TN:
SF:backend\schema\registerSchema.js
FNF:0
FNH:0
DA:3,1
LF:1
LH:1
BRF:0
BRH:0
end_of_record
TN:
SF:backend\services\chatService.js
FN:10,(anonymous_0)
FN:14,(anonymous_1)
FN:15,(anonymous_2)
FN:30,(anonymous_3)
FN:34,(anonymous_4)
FNF:5
FNH:1
FNDA:1,(anonymous_0)
FNDA:0,(anonymous_1)
FNDA:0,(anonymous_2)
FNDA:0,(anonymous_3)
FNDA:0,(anonymous_4)
DA:5,1
DA:7,1
DA:11,1
DA:15,0
DA:16,0
DA:17,0
DA:19,0
DA:21,0
DA:25,0
DA:31,0
DA:35,0
DA:36,0
DA:38,0
DA:44,0
DA:48,0
DA:50,0
DA:52,0
LF:17
LH:3
BRDA:16,0,0,0
BRDA:16,0,1,0
BRDA:39,1,0,0
BRDA:39,1,1,0
BRF:4
BRH:0
end_of_record
